/ws/install/line_follower/lib/python3.10/site-packages/line_follower/controller.py
/ws/install/line_follower/lib/python3.10/site-packages/line_follower/__init__.py
/ws/install/line_follower/lib/python3.10/site-packages/line_follower/simple_node.py
/ws/install/line_follower/lib/python3.10/site-packages/line_follower/line_detector.py
/ws/install/line_follower/lib/python3.10/site-packages/line_follower/__pycache__/controller.cpython-310.pyc
/ws/install/line_follower/lib/python3.10/site-packages/line_follower/__pycache__/__init__.cpython-310.pyc
/ws/install/line_follower/lib/python3.10/site-packages/line_follower/__pycache__/simple_node.cpython-310.pyc
/ws/install/line_follower/lib/python3.10/site-packages/line_follower/__pycache__/line_detector.cpython-310.pyc
/ws/install/line_follower/share/ament_index/resource_index/packages/line_follower
/ws/install/line_follower/share/line_follower/package.xml
/ws/install/line_follower/lib/python3.10/site-packages/line_follower-0.0.0-py3.10.egg-info/requires.txt
/ws/install/line_follower/lib/python3.10/site-packages/line_follower-0.0.0-py3.10.egg-info/SOURCES.txt
/ws/install/line_follower/lib/python3.10/site-packages/line_follower-0.0.0-py3.10.egg-info/zip-safe
/ws/install/line_follower/lib/python3.10/site-packages/line_follower-0.0.0-py3.10.egg-info/entry_points.txt
/ws/install/line_follower/lib/python3.10/site-packages/line_follower-0.0.0-py3.10.egg-info/top_level.txt
/ws/install/line_follower/lib/python3.10/site-packages/line_follower-0.0.0-py3.10.egg-info/dependency_links.txt
/ws/install/line_follower/lib/python3.10/site-packages/line_follower-0.0.0-py3.10.egg-info/PKG-INFO
/ws/install/line_follower/lib/line_follower/controller
/ws/install/line_follower/lib/line_follower/line_detector
/ws/install/line_follower/lib/line_follower/simple_node
