[1.110s] Invoking command in '/ws/build/line_follower': PYTHONPATH=/ws/build/line_follower/prefix_override:/usr/lib/python3/dist-packages/colcon_core/task/python/colcon_distutils_commands:/ws/install/line_follower/lib/python3.10/site-packages:${PYTHONPATH} /usr/bin/python3 -W ignore:setup.py install is deprecated -W ignore:easy_install command is deprecated setup.py develop --uninstall --editable --build-directory /ws/build/line_follower/build
[1.320s] running develop
[1.448s] Removing /ws/install/line_follower/lib/python3.10/site-packages/line-follower.egg-link (link to .)
[1.476s] Invoked command in '/ws/build/line_follower' returned '0': PYTHONPATH=/ws/build/line_follower/prefix_override:/usr/lib/python3/dist-packages/colcon_core/task/python/colcon_distutils_commands:/ws/install/line_follower/lib/python3.10/site-packages:${PYTHONPATH} /usr/bin/python3 -W ignore:setup.py install is deprecated -W ignore:easy_install command is deprecated setup.py develop --uninstall --editable --build-directory /ws/build/line_follower/build
[1.478s] Invoking command in '/ws/src/line_follower': PYTHONPATH=/ws/build/line_follower/prefix_override:/usr/lib/python3/dist-packages/colcon_core/task/python/colcon_distutils_commands:/ws/install/line_follower/lib/python3.10/site-packages:${PYTHONPATH} /usr/bin/python3 -W ignore:setup.py install is deprecated -W ignore:easy_install command is deprecated setup.py egg_info --egg-base ../../build/line_follower build --build-base /ws/build/line_follower/build install --record /ws/build/line_follower/install.log --single-version-externally-managed install_data --force
[1.660s] running egg_info
[1.661s] writing ../../build/line_follower/line_follower.egg-info/PKG-INFO
[1.661s] writing dependency_links to ../../build/line_follower/line_follower.egg-info/dependency_links.txt
[1.661s] writing entry points to ../../build/line_follower/line_follower.egg-info/entry_points.txt
[1.661s] writing requirements to ../../build/line_follower/line_follower.egg-info/requires.txt
[1.662s] writing top-level names to ../../build/line_follower/line_follower.egg-info/top_level.txt
[1.662s] reading manifest file '../../build/line_follower/line_follower.egg-info/SOURCES.txt'
[1.667s] writing manifest file '../../build/line_follower/line_follower.egg-info/SOURCES.txt'
[1.667s] running build
[1.667s] running build_py
[1.667s] copying line_follower/controller.py -> /ws/build/line_follower/build/lib/line_follower
[1.667s] copying line_follower/line_detector.py -> /ws/build/line_follower/build/lib/line_follower
[1.667s] running install
[1.667s] running install_lib
[1.668s] creating /ws/install/line_follower/lib/python3.10/site-packages/line_follower
[1.668s] copying /ws/build/line_follower/build/lib/line_follower/controller.py -> /ws/install/line_follower/lib/python3.10/site-packages/line_follower
[1.668s] copying /ws/build/line_follower/build/lib/line_follower/__init__.py -> /ws/install/line_follower/lib/python3.10/site-packages/line_follower
[1.668s] copying /ws/build/line_follower/build/lib/line_follower/simple_node.py -> /ws/install/line_follower/lib/python3.10/site-packages/line_follower
[1.668s] copying /ws/build/line_follower/build/lib/line_follower/line_detector.py -> /ws/install/line_follower/lib/python3.10/site-packages/line_follower
[1.669s] byte-compiling /ws/install/line_follower/lib/python3.10/site-packages/line_follower/controller.py to controller.cpython-310.pyc
[1.669s] byte-compiling /ws/install/line_follower/lib/python3.10/site-packages/line_follower/__init__.py to __init__.cpython-310.pyc
[1.670s] byte-compiling /ws/install/line_follower/lib/python3.10/site-packages/line_follower/simple_node.py to simple_node.cpython-310.pyc
[1.670s] byte-compiling /ws/install/line_follower/lib/python3.10/site-packages/line_follower/line_detector.py to line_detector.cpython-310.pyc
[1.670s] running install_data
[1.670s] copying resource/line_follower -> /ws/install/line_follower/share/ament_index/resource_index/packages
[1.670s] copying package.xml -> /ws/install/line_follower/share/line_follower
[1.670s] running install_egg_info
[1.672s] Copying ../../build/line_follower/line_follower.egg-info to /ws/install/line_follower/lib/python3.10/site-packages/line_follower-0.0.0-py3.10.egg-info
[1.673s] running install_scripts
[1.688s] Installing controller script to /ws/install/line_follower/lib/line_follower
[1.688s] Installing line_detector script to /ws/install/line_follower/lib/line_follower
[1.688s] Installing simple_node script to /ws/install/line_follower/lib/line_follower
[1.688s] writing list of installed files to '/ws/build/line_follower/install.log'
[1.703s] Invoked command in '/ws/src/line_follower' returned '0': PYTHONPATH=/ws/build/line_follower/prefix_override:/usr/lib/python3/dist-packages/colcon_core/task/python/colcon_distutils_commands:/ws/install/line_follower/lib/python3.10/site-packages:${PYTHONPATH} /usr/bin/python3 -W ignore:setup.py install is deprecated -W ignore:easy_install command is deprecated setup.py egg_info --egg-base ../../build/line_follower build --build-base /ws/build/line_follower/build install --record /ws/build/line_follower/install.log --single-version-externally-managed install_data --force
