[0.468s] Invoking command in '/ws/src/line_follower': PYTHONPATH=/ws/build/line_follower/prefix_override:/usr/lib/python3/dist-packages/colcon_core/task/python/colcon_distutils_commands:/ws/install/line_follower/lib/python3.10/site-packages:${PYTHONPATH} /usr/bin/python3 -W ignore:setup.py install is deprecated -W ignore:easy_install command is deprecated setup.py egg_info --egg-base ../../build/line_follower build --build-base /ws/build/line_follower/build install --record /ws/build/line_follower/install.log --single-version-externally-managed install_data
[0.640s] running egg_info
[0.641s] creating ../../build/line_follower/line_follower.egg-info
[0.641s] writing ../../build/line_follower/line_follower.egg-info/PKG-INFO
[0.641s] writing dependency_links to ../../build/line_follower/line_follower.egg-info/dependency_links.txt
[0.641s] writing entry points to ../../build/line_follower/line_follower.egg-info/entry_points.txt
[0.641s] writing requirements to ../../build/line_follower/line_follower.egg-info/requires.txt
[0.641s] writing top-level names to ../../build/line_follower/line_follower.egg-info/top_level.txt
[0.641s] writing manifest file '../../build/line_follower/line_follower.egg-info/SOURCES.txt'
[0.642s] reading manifest file '../../build/line_follower/line_follower.egg-info/SOURCES.txt'
[0.643s] writing manifest file '../../build/line_follower/line_follower.egg-info/SOURCES.txt'
[0.643s] running build
[0.643s] running build_py
[0.643s] creating /ws/build/line_follower/build
[0.643s] creating /ws/build/line_follower/build/lib
[0.643s] creating /ws/build/line_follower/build/lib/line_follower
[0.643s] copying line_follower/controller.py -> /ws/build/line_follower/build/lib/line_follower
[0.643s] copying line_follower/__init__.py -> /ws/build/line_follower/build/lib/line_follower
[0.643s] copying line_follower/simple_node.py -> /ws/build/line_follower/build/lib/line_follower
[0.643s] copying line_follower/line_detector.py -> /ws/build/line_follower/build/lib/line_follower
[0.644s] running install
[0.644s] running install_lib
[0.644s] creating /ws/install/line_follower/lib/python3.10/site-packages/line_follower
[0.644s] copying /ws/build/line_follower/build/lib/line_follower/controller.py -> /ws/install/line_follower/lib/python3.10/site-packages/line_follower
[0.644s] copying /ws/build/line_follower/build/lib/line_follower/__init__.py -> /ws/install/line_follower/lib/python3.10/site-packages/line_follower
[0.645s] copying /ws/build/line_follower/build/lib/line_follower/simple_node.py -> /ws/install/line_follower/lib/python3.10/site-packages/line_follower
[0.645s] copying /ws/build/line_follower/build/lib/line_follower/line_detector.py -> /ws/install/line_follower/lib/python3.10/site-packages/line_follower
[0.645s] byte-compiling /ws/install/line_follower/lib/python3.10/site-packages/line_follower/controller.py to controller.cpython-310.pyc
[0.645s] byte-compiling /ws/install/line_follower/lib/python3.10/site-packages/line_follower/__init__.py to __init__.cpython-310.pyc
[0.646s] byte-compiling /ws/install/line_follower/lib/python3.10/site-packages/line_follower/simple_node.py to simple_node.cpython-310.pyc
[0.646s] byte-compiling /ws/install/line_follower/lib/python3.10/site-packages/line_follower/line_detector.py to line_detector.cpython-310.pyc
[0.646s] running install_data
[0.646s] creating /ws/install/line_follower/share/ament_index
[0.646s] creating /ws/install/line_follower/share/ament_index/resource_index
[0.646s] creating /ws/install/line_follower/share/ament_index/resource_index/packages
[0.646s] copying resource/line_follower -> /ws/install/line_follower/share/ament_index/resource_index/packages
[0.646s] copying package.xml -> /ws/install/line_follower/share/line_follower
[0.646s] running install_egg_info
[0.648s] Copying ../../build/line_follower/line_follower.egg-info to /ws/install/line_follower/lib/python3.10/site-packages/line_follower-0.0.0-py3.10.egg-info
[0.648s] running install_scripts
[0.663s] Installing controller script to /ws/install/line_follower/lib/line_follower
[0.664s] Installing line_detector script to /ws/install/line_follower/lib/line_follower
[0.664s] Installing simple_node script to /ws/install/line_follower/lib/line_follower
[0.664s] writing list of installed files to '/ws/build/line_follower/install.log'
[0.679s] Invoked command in '/ws/src/line_follower' returned '0': PYTHONPATH=/ws/build/line_follower/prefix_override:/usr/lib/python3/dist-packages/colcon_core/task/python/colcon_distutils_commands:/ws/install/line_follower/lib/python3.10/site-packages:${PYTHONPATH} /usr/bin/python3 -W ignore:setup.py install is deprecated -W ignore:easy_install command is deprecated setup.py egg_info --egg-base ../../build/line_follower build --build-base /ws/build/line_follower/build install --record /ws/build/line_follower/install.log --single-version-externally-managed install_data
