[0.580s] Invoking command in '/ws/build/line_follower': PYTHONPATH=/ws/build/line_follower/prefix_override:/usr/lib/python3/dist-packages/colcon_core/task/python/colcon_distutils_commands:/ws/install/line_follower/lib/python3.10/site-packages:${PYTHONPATH} /usr/bin/python3 -W ignore:setup.py install is deprecated -W ignore:easy_install command is deprecated setup.py develop --editable --build-directory /ws/build/line_follower/build --no-deps symlink_data --force
[0.806s] running develop
[0.945s] running egg_info
[0.945s] writing line_follower.egg-info/PKG-INFO
[0.945s] writing dependency_links to line_follower.egg-info/dependency_links.txt
[0.946s] writing entry points to line_follower.egg-info/entry_points.txt
[0.946s] writing requirements to line_follower.egg-info/requires.txt
[0.946s] writing top-level names to line_follower.egg-info/top_level.txt
[0.947s] reading manifest file 'line_follower.egg-info/SOURCES.txt'
[0.948s] writing manifest file 'line_follower.egg-info/SOURCES.txt'
[0.949s] running build_ext
[0.949s] Creating /ws/install/line_follower/lib/python3.10/site-packages/line-follower.egg-link (link to .)
[0.949s] Installing controller script to /ws/install/line_follower/lib/line_follower
[0.950s] Installing line_detector script to /ws/install/line_follower/lib/line_follower
[0.950s] Installing simple_node script to /ws/install/line_follower/lib/line_follower
[0.950s] 
[0.950s] Installed /ws/build/line_follower
[0.950s] running symlink_data
[0.950s] symbolically linking /ws/build/line_follower/resource/line_follower -> /ws/install/line_follower/share/ament_index/resource_index/packages
[0.950s] symbolically linking /ws/build/line_follower/package.xml -> /ws/install/line_follower/share/line_follower
[0.980s] Invoked command in '/ws/build/line_follower' returned '0': PYTHONPATH=/ws/build/line_follower/prefix_override:/usr/lib/python3/dist-packages/colcon_core/task/python/colcon_distutils_commands:/ws/install/line_follower/lib/python3.10/site-packages:${PYTHONPATH} /usr/bin/python3 -W ignore:setup.py install is deprecated -W ignore:easy_install command is deprecated setup.py develop --editable --build-directory /ws/build/line_follower/build --no-deps symlink_data --force
