running egg_info
writing ../../build/line_follower/line_follower.egg-info/PKG-INFO
writing dependency_links to ../../build/line_follower/line_follower.egg-info/dependency_links.txt
writing entry points to ../../build/line_follower/line_follower.egg-info/entry_points.txt
writing requirements to ../../build/line_follower/line_follower.egg-info/requires.txt
writing top-level names to ../../build/line_follower/line_follower.egg-info/top_level.txt
reading manifest file '../../build/line_follower/line_follower.egg-info/SOURCES.txt'
writing manifest file '../../build/line_follower/line_follower.egg-info/SOURCES.txt'
running build
running build_py
copying line_follower/line_detector.py -> /ws/build/line_follower/build/lib/line_follower
running install
running install_lib
copying /ws/build/line_follower/build/lib/line_follower/line_detector.py -> /ws/install/line_follower/lib/python3.10/site-packages/line_follower
byte-compiling /ws/install/line_follower/lib/python3.10/site-packages/line_follower/line_detector.py to line_detector.cpython-310.pyc
running install_data
running install_egg_info
removing '/ws/install/line_follower/lib/python3.10/site-packages/line_follower-0.0.0-py3.10.egg-info' (and everything under it)
Copying ../../build/line_follower/line_follower.egg-info to /ws/install/line_follower/lib/python3.10/site-packages/line_follower-0.0.0-py3.10.egg-info
running install_scripts
Installing controller script to /ws/install/line_follower/lib/line_follower
Installing line_detector script to /ws/install/line_follower/lib/line_follower
Installing simple_node script to /ws/install/line_follower/lib/line_follower
writing list of installed files to '/ws/build/line_follower/install.log'
