[0.684s] Invoking command in '/ws/src/line_follower': PYTHONPATH=/ws/build/line_follower/prefix_override:/usr/lib/python3/dist-packages/colcon_core/task/python/colcon_distutils_commands:/ws/install/line_follower/lib/python3.10/site-packages:${PYTHONPATH} /usr/bin/python3 -W ignore:setup.py install is deprecated -W ignore:easy_install command is deprecated setup.py egg_info --egg-base ../../build/line_follower build --build-base /ws/build/line_follower/build install --record /ws/build/line_follower/install.log --single-version-externally-managed install_data
[0.864s] running egg_info
[0.864s] writing ../../build/line_follower/line_follower.egg-info/PKG-INFO
[0.864s] writing dependency_links to ../../build/line_follower/line_follower.egg-info/dependency_links.txt
[0.865s] writing entry points to ../../build/line_follower/line_follower.egg-info/entry_points.txt
[0.865s] writing requirements to ../../build/line_follower/line_follower.egg-info/requires.txt
[0.865s] writing top-level names to ../../build/line_follower/line_follower.egg-info/top_level.txt
[0.866s] reading manifest file '../../build/line_follower/line_follower.egg-info/SOURCES.txt'
[0.866s] writing manifest file '../../build/line_follower/line_follower.egg-info/SOURCES.txt'
[0.866s] running build
[0.866s] running build_py
[0.867s] copying line_follower/line_detector.py -> /ws/build/line_follower/build/lib/line_follower
[0.867s] running install
[0.867s] running install_lib
[0.868s] copying /ws/build/line_follower/build/lib/line_follower/line_detector.py -> /ws/install/line_follower/lib/python3.10/site-packages/line_follower
[0.868s] byte-compiling /ws/install/line_follower/lib/python3.10/site-packages/line_follower/line_detector.py to line_detector.cpython-310.pyc
[0.869s] running install_data
[0.869s] running install_egg_info
[0.871s] removing '/ws/install/line_follower/lib/python3.10/site-packages/line_follower-0.0.0-py3.10.egg-info' (and everything under it)
[0.871s] Copying ../../build/line_follower/line_follower.egg-info to /ws/install/line_follower/lib/python3.10/site-packages/line_follower-0.0.0-py3.10.egg-info
[0.872s] running install_scripts
[0.888s] Installing controller script to /ws/install/line_follower/lib/line_follower
[0.888s] Installing line_detector script to /ws/install/line_follower/lib/line_follower
[0.888s] Installing simple_node script to /ws/install/line_follower/lib/line_follower
[0.889s] writing list of installed files to '/ws/build/line_follower/install.log'
[0.910s] Invoked command in '/ws/src/line_follower' returned '0': PYTHONPATH=/ws/build/line_follower/prefix_override:/usr/lib/python3/dist-packages/colcon_core/task/python/colcon_distutils_commands:/ws/install/line_follower/lib/python3.10/site-packages:${PYTHONPATH} /usr/bin/python3 -W ignore:setup.py install is deprecated -W ignore:easy_install command is deprecated setup.py egg_info --egg-base ../../build/line_follower build --build-base /ws/build/line_follower/build install --record /ws/build/line_follower/install.log --single-version-externally-managed install_data
